<?xml version="1.0" encoding="UTF-8"?>
<testsuite name="nicestring.TestNiceString" tests="1" skipped="0" failures="0" errors="0" timestamp="2021-07-27T16:39:53" hostname="GHOST2050-PC" time="0.052">
  <properties/>
  <testcase name="testExample1" classname="nicestring.TestNiceString" time="0.052"/>
  <system-out><![CDATA[]]></system-out>
  <system-err><![CDATA[]]></system-err>
</testsuite>
