<?xml version="1.0" encoding="UTF-8"?>
<testsuite name="taxipark.TestTask2FaithfulPassengers" tests="8" skipped="0" failures="0" errors="0" timestamp="2021-07-28T04:52:35" hostname="GHOST2050-PC" time="0.073">
  <properties/>
  <testcase name="test0" classname="taxipark.TestTask2FaithfulPassengers" time="0.057"/>
  <testcase name="test1" classname="taxipark.TestTask2FaithfulPassengers" time="0.003"/>
  <testcase name="test2" classname="taxipark.TestTask2FaithfulPassengers" time="0.002"/>
  <testcase name="test3" classname="taxipark.TestTask2FaithfulPassengers" time="0.002"/>
  <testcase name="test4" classname="taxipark.TestTask2FaithfulPassengers" time="0.001"/>
  <testcase name="test5" classname="taxipark.TestTask2FaithfulPassengers" time="0.001"/>
  <testcase name="test6" classname="taxipark.TestTask2FaithfulPassengers" time="0.001"/>
  <testcase name="test7" classname="taxipark.TestTask2FaithfulPassengers" time="0.002"/>
  <system-out><![CDATA[]]></system-out>
  <system-err><![CDATA[]]></system-err>
</testsuite>
